<?xml version="1.0" encoding="UTF-8"?>
<testng-results ignored="0" total="0" passed="0" failed="0" skipped="0">
  <reporter-output>
  </reporter-output>
  <suite started-at="2020-02-21T19:25:34 IST" name="MB_Test_Suite" finished-at="2020-02-21T19:25:34 IST" duration-ms="7">
    <groups>
    </groups>
    <test started-at="2020-02-21T19:25:34 IST" name="Test_Infiniti" finished-at="2020-02-21T19:25:34 IST" duration-ms="7">
    </test> <!-- Test_Infiniti -->
  </suite> <!-- MB_Test_Suite -->
</testng-results>
